[2026-05-27 21:01:30] INFO - =======================================================
[2026-05-27 21:01:30] INFO - MetricGuard Monitoring Collector - Starting Up
[2026-05-27 21:01:30] INFO - =======================================================
[2026-05-27 21:01:30] INFO - Old metrics.json cleared
[2026-05-27 21:01:30] INFO - Old system.log cleared
[2026-05-27 21:01:30] INFO - Backend URL    : http://localhost:5000/metrics
[2026-05-27 21:01:30] INFO - Interval       : 5 seconds
[2026-05-27 21:01:30] INFO - Max Retries    : 3
[2026-05-27 21:01:30] INFO - Log File       : ../logs/system.log
[2026-05-27 21:01:30] INFO - Platform       : Windows-11-10.0.26200-SP0
[2026-05-27 21:01:30] INFO - =======================================================
[2026-05-27 21:01:30] INFO - --- Collection Cycle #1 ---
[2026-05-27 21:01:30] INFO - Collecting system metrics...
[2026-05-27 21:01:31] INFO - Metrics collected successfully
[2026-05-27 21:01:31] INFO - Metrics saved locally
[2026-05-27 21:01:31] INFO - Sending metrics to http://localhost:5000/metrics (attempt 1/3)
[2026-05-27 21:01:33] INFO - Metrics sent successfully (status 200)
[2026-05-27 21:01:33] INFO - Cycle #1 completed successfully
[2026-05-27 21:01:33] INFO - Sleeping 5 seconds until next cycle...
[2026-05-27 21:01:38] INFO - --- Collection Cycle #2 ---
[2026-05-27 21:01:38] INFO - Collecting system metrics...
[2026-05-27 21:01:39] INFO - Metrics collected successfully
[2026-05-27 21:01:39] INFO - Metrics saved locally
[2026-05-27 21:01:39] INFO - Sending metrics to http://localhost:5000/metrics (attempt 1/3)
[2026-05-27 21:01:41] INFO - Metrics sent successfully (status 200)
[2026-05-27 21:01:41] INFO - Cycle #2 completed successfully
[2026-05-27 21:01:41] INFO - Sleeping 5 seconds until next cycle...
[2026-05-27 21:01:46] INFO - --- Collection Cycle #3 ---
[2026-05-27 21:01:46] INFO - Collecting system metrics...
[2026-05-27 21:01:47] INFO - Metrics collected successfully
[2026-05-27 21:01:47] INFO - Metrics saved locally
[2026-05-27 21:01:47] INFO - Sending metrics to http://localhost:5000/metrics (attempt 1/3)
[2026-05-27 21:01:49] INFO - Metrics sent successfully (status 200)
[2026-05-27 21:01:49] INFO - Cycle #3 completed successfully
[2026-05-27 21:01:49] INFO - Sleeping 5 seconds until next cycle...
[2026-05-27 21:01:54] INFO - --- Collection Cycle #4 ---
[2026-05-27 21:01:54] INFO - Collecting system metrics...
[2026-05-27 21:01:55] INFO - Metrics collected successfully
[2026-05-27 21:01:55] INFO - Metrics saved locally
[2026-05-27 21:01:55] INFO - Sending metrics to http://localhost:5000/metrics (attempt 1/3)
[2026-05-27 21:01:57] INFO - Metrics sent successfully (status 200)
[2026-05-27 21:01:57] INFO - Cycle #4 completed successfully
[2026-05-27 21:01:57] INFO - Sleeping 5 seconds until next cycle...
[2026-05-27 21:02:02] INFO - --- Collection Cycle #5 ---
[2026-05-27 21:02:02] INFO - Collecting system metrics...
[2026-05-27 21:02:03] INFO - Metrics collected successfully
[2026-05-27 21:02:03] INFO - Metrics saved locally
[2026-05-27 21:02:03] INFO - Sending metrics to http://localhost:5000/metrics (attempt 1/3)
[2026-05-27 21:02:05] INFO - Metrics sent successfully (status 200)
[2026-05-27 21:02:05] INFO - Cycle #5 completed successfully
[2026-05-27 21:02:05] INFO - Sleeping 5 seconds until next cycle...
[2026-05-27 21:02:10] INFO - --- Collection Cycle #6 ---
[2026-05-27 21:02:10] INFO - Collecting system metrics...
[2026-05-27 21:02:11] INFO - Metrics collected successfully
[2026-05-27 21:02:11] INFO - Metrics saved locally
[2026-05-27 21:02:11] INFO - Sending metrics to http://localhost:5000/metrics (attempt 1/3)
[2026-05-27 21:02:13] INFO - Metrics sent successfully (status 200)
[2026-05-27 21:02:13] INFO - Cycle #6 completed successfully
[2026-05-27 21:02:13] INFO - Sleeping 5 seconds until next cycle...
[2026-05-27 21:02:18] INFO - --- Collection Cycle #7 ---
[2026-05-27 21:02:18] INFO - Collecting system metrics...
[2026-05-27 21:02:19] INFO - Metrics collected successfully
[2026-05-27 21:02:19] INFO - Metrics saved locally
[2026-05-27 21:02:19] INFO - Sending metrics to http://localhost:5000/metrics (attempt 1/3)
[2026-05-27 21:02:21] ERROR - Connection failed (attempt 1/3): Backend at http://localhost:5000/metrics is unreachable
[2026-05-27 21:02:21] INFO - Retrying in 2 seconds...
[2026-05-27 21:02:23] INFO - Sending metrics to http://localhost:5000/metrics (attempt 2/3)
[2026-05-27 21:02:25] INFO - Shutdown requested (KeyboardInterrupt)
[2026-05-27 21:02:25] INFO - MetricGuard Collector stopped.
